


ARM Macro Assembler    Page 1 


    1 00000000         ; * ----------------------------------------------------
                       -----------------------------------
    2 00000000         ; *  @file:    startup_MKV58F24.s
    3 00000000         ; *  @purpose: CMSIS Cortex-M7 Core Device Startup File
    4 00000000         ; *            MKV58F24
    5 00000000         ; *  @version: 0.3
    6 00000000         ; *  @date:    2016-2-29
    7 00000000         ; *  @build:   b160318
    8 00000000         ; * ----------------------------------------------------
                       -----------------------------------
    9 00000000         ; *
   10 00000000         ; * Copyright (c) 1997 - 2016 , Freescale Semiconductor,
                        Inc.
   11 00000000         ; * All rights reserved.
   12 00000000         ; *
   13 00000000         ; * Redistribution and use in source and binary forms, w
                       ith or without modification,
   14 00000000         ; * are permitted provided that the following conditions
                        are met:
   15 00000000         ; *
   16 00000000         ; * o Redistributions of source code must retain the abo
                       ve copyright notice, this list
   17 00000000         ; *   of conditions and the following disclaimer.
   18 00000000         ; *
   19 00000000         ; * o Redistributions in binary form must reproduce the 
                       above copyright notice, this
   20 00000000         ; *   list of conditions and the following disclaimer in
                        the documentation and/or
   21 00000000         ; *   other materials provided with the distribution.
   22 00000000         ; *
   23 00000000         ; * o Neither the name of Freescale Semiconductor, Inc. 
                       nor the names of its
   24 00000000         ; *   contributors may be used to endorse or promote pro
                       ducts derived from this
   25 00000000         ; *   software without specific prior written permission
                       .
   26 00000000         ; *
   27 00000000         ; * THIS SOFTWARE IS PROVIDED BY THE COPYRIGHT HOLDERS A
                       ND CONTRIBUTORS "AS IS" AND
   28 00000000         ; * ANY EXPRESS OR IMPLIED WARRANTIES, INCLUDING, BUT NO
                       T LIMITED TO, THE IMPLIED
   29 00000000         ; * WARRANTIES OF MERCHANTABILITY AND FITNESS FOR A PART
                       ICULAR PURPOSE ARE
   30 00000000         ; * DISCLAIMED. IN NO EVENT SHALL THE COPYRIGHT HOLDER O
                       R CONTRIBUTORS BE LIABLE FOR
   31 00000000         ; * ANY DIRECT, INDIRECT, INCIDENTAL, SPECIAL, EXEMPLARY
                       , OR CONSEQUENTIAL DAMAGES
   32 00000000         ; * (INCLUDING, BUT NOT LIMITED TO, PROCUREMENT OF SUBST
                       ITUTE GOODS OR SERVICES;
   33 00000000         ; * LOSS OF USE, DATA, OR PROFITS; OR BUSINESS INTERRUPT
                       ION) HOWEVER CAUSED AND ON
   34 00000000         ; * ANY THEORY OF LIABILITY, WHETHER IN CONTRACT, STRICT
                        LIABILITY, OR TORT
   35 00000000         ; * (INCLUDING NEGLIGENCE OR OTHERWISE) ARISING IN ANY W
                       AY OUT OF THE USE OF THIS
   36 00000000         ; * SOFTWARE, EVEN IF ADVISED OF THE POSSIBILITY OF SUCH
                        DAMAGE.
   37 00000000         ; *
   38 00000000         ; *------- <<< Use Configuration Wizard in Context Menu 



ARM Macro Assembler    Page 2 


                       >>> ------------------
   39 00000000         ; *
   40 00000000         ; ******************************************************
                       ***********************/
   41 00000000         
   42 00000000         
   43 00000000                 PRESERVE8
   44 00000000                 THUMB
   45 00000000         
   46 00000000         
   47 00000000         ; Vector Table Mapped to Address 0 at Reset
   48 00000000         
   49 00000000                 AREA             RESET, DATA, READONLY
   50 00000000                 EXPORT           __Vectors
   51 00000000                 EXPORT           __Vectors_End
   52 00000000                 EXPORT           __Vectors_Size
   53 00000000                 IMPORT           |Image$$ARM_LIB_STACK$$ZI$$Limi
t|
   54 00000000         
   55 00000000 00000000 
                       __Vectors
                               DCD              |Image$$ARM_LIB_STACK$$ZI$$Limi
t| 
                                                            ; Top of Stack
   56 00000004 00000000        DCD              Reset_Handler ; Reset Handler
   57 00000008 00000000        DCD              NMI_Handler ;NMI Handler
   58 0000000C 00000000        DCD              HardFault_Handler 
                                                            ;Hard Fault Handler
                                                            
   59 00000010 00000000        DCD              MemManage_Handler 
                                                            ;MPU Fault Handler
   60 00000014 00000000        DCD              BusFault_Handler 
                                                            ;Bus Fault Handler
   61 00000018 00000000        DCD              UsageFault_Handler ;Usage Fault
                                                             Handler
   62 0000001C 00000000        DCD              0           ;Reserved
   63 00000020 00000000        DCD              0           ;Reserved
   64 00000024 00000000        DCD              0           ;Reserved
   65 00000028 00000000        DCD              0           ;Reserved
   66 0000002C 00000000        DCD              SVC_Handler ;SVCall Handler
   67 00000030 00000000        DCD              DebugMon_Handler ;Debug Monitor
                                                             Handler
   68 00000034 00000000        DCD              0           ;Reserved
   69 00000038 00000000        DCD              PendSV_Handler ;PendSV Handler
   70 0000003C 00000000        DCD              SysTick_Handler 
                                                            ;SysTick Handler
   71 00000040         
   72 00000040         ;External Interrupts
   73 00000040 00000000        DCD              DMA0_DMA16_IRQHandler ;DMA chan
                                                            nel 0/16 transfer c
                                                            omplete
   74 00000044 00000000        DCD              DMA1_DMA17_IRQHandler ;DMA chan
                                                            nel 1/17 transfer c
                                                            omplete
   75 00000048 00000000        DCD              DMA2_DMA18_IRQHandler ;DMA chan
                                                            nel 2/18 transfer c
                                                            omplete
   76 0000004C 00000000        DCD              DMA3_DMA19_IRQHandler ;DMA chan
                                                            nel 3/19 transfer c



ARM Macro Assembler    Page 3 


                                                            omplete
   77 00000050 00000000        DCD              DMA4_DMA20_IRQHandler ;DMA chan
                                                            nel 4/20 transfer c
                                                            omplete
   78 00000054 00000000        DCD              DMA5_DMA21_IRQHandler ;DMA chan
                                                            nel 5/21 transfer c
                                                            omplete
   79 00000058 00000000        DCD              DMA6_DMA22_IRQHandler ;DMA chan
                                                            nel 6/22 transfer c
                                                            omplete
   80 0000005C 00000000        DCD              DMA7_DMA23_IRQHandler ;DMA chan
                                                            nel 7/23 transfer c
                                                            omplete
   81 00000060 00000000        DCD              DMA8_DMA24_IRQHandler ;DMA chan
                                                            nel 8/24 transfer c
                                                            omplete
   82 00000064 00000000        DCD              DMA9_DMA25_IRQHandler ;DMA chan
                                                            nel 9/25 transfer c
                                                            omplete
   83 00000068 00000000        DCD              DMA10_DMA26_IRQHandler ;DMA cha
                                                            nnel 10/26 transfer
                                                             complete
   84 0000006C 00000000        DCD              DMA11_DMA27_IRQHandler ;DMA cha
                                                            nnel 11/27 transfer
                                                             complete
   85 00000070 00000000        DCD              DMA12_DMA28_IRQHandler ;DMA cha
                                                            nnel 12/28 transfer
                                                             complete
   86 00000074 00000000        DCD              DMA13_DMA29_IRQHandler ;DMA cha
                                                            nnel 13/29 transfer
                                                             complete
   87 00000078 00000000        DCD              DMA14_DMA30_IRQHandler ;DMA cha
                                                            nnel 14/30 transfer
                                                             complete
   88 0000007C 00000000        DCD              DMA15_DMA31_IRQHandler ;DMA cha
                                                            nnel 15/31 transfer
                                                             complete
   89 00000080 00000000        DCD              DMA_Error_IRQHandler ;DMA error
                                                             interrupt channels
                                                             0-31
   90 00000084 00000000        DCD              MCM_IRQHandler ;MCM normal inte
                                                            rrupt
   91 00000088 00000000        DCD              FTFE_IRQHandler ;FTFL command c
                                                            omplete
   92 0000008C 00000000        DCD              Read_Collision_IRQHandler ;FTFL
                                                             read collision
   93 00000090 00000000        DCD              PMC_IRQHandler ;PMC controller 
                                                            low-voltage detect,
                                                             low-voltage warnin
                                                            g
   94 00000094 00000000        DCD              LLWU_IRQHandler 
                                                            ;Low leakage wakeup
                                                            
   95 00000098 00000000        DCD              WDOG_EWM_IRQHandler ;Single int
                                                            errupt vector for  
                                                            WDOG and EWM
   96 0000009C 00000000        DCD              TRNG0_IRQHandler ;True randon n
                                                            umber generator
   97 000000A0 00000000        DCD              I2C0_IRQHandler ;Inter-integrat



ARM Macro Assembler    Page 4 


                                                            ed circuit 0
   98 000000A4 00000000        DCD              I2C1_IRQHandler ;Inter-integrat
                                                            ed circuit 1
   99 000000A8 00000000        DCD              SPI0_IRQHandler ;Serial periphe
                                                            ral Interface 0
  100 000000AC 00000000        DCD              SPI1_IRQHandler ;Serial periphe
                                                            ral Interface 1
  101 000000B0 00000000        DCD              UART5_RX_TX_IRQHandler ;UART5 r
                                                            eceive/transmit int
                                                            errupt
  102 000000B4 00000000        DCD              UART5_ERR_IRQHandler ;UART5 err
                                                            or interrupt
  103 000000B8 00000000        DCD              Reserved46_IRQHandler 
                                                            ;Reserved interrupt
                                                            
  104 000000BC 00000000        DCD              UART0_RX_TX_IRQHandler ;UART0 r
                                                            eceive/transmit int
                                                            errupt
  105 000000C0 00000000        DCD              UART0_ERR_IRQHandler ;UART0 err
                                                            or interrupt
  106 000000C4 00000000        DCD              UART1_RX_TX_IRQHandler ;UART1 r
                                                            eceive/transmit int
                                                            errupt
  107 000000C8 00000000        DCD              UART1_ERR_IRQHandler ;UART1 err
                                                            or interrupt
  108 000000CC 00000000        DCD              UART2_RX_TX_IRQHandler ;UART2 r
                                                            eceive/transmit int
                                                            errupt
  109 000000D0 00000000        DCD              UART2_ERR_IRQHandler ;UART2 err
                                                            or interrupt
  110 000000D4 00000000        DCD              ADC0_IRQHandler ;Analog-to-digi
                                                            tal converter 0
  111 000000D8 00000000        DCD              HSADC_ERR_IRQHandler ;High spee
                                                            d analog-to-digital
                                                             converter zero cro
                                                            ss
  112 000000DC 00000000        DCD              HSADC0_CCA_IRQHandler ;High spe
                                                            ed analog-to-digita
                                                            l converter 0 submo
                                                            dule A scan complet
                                                            e
  113 000000E0 00000000        DCD              CMP0_IRQHandler ;Comparator 0
  114 000000E4 00000000        DCD              CMP1_IRQHandler ;Comparator 1
  115 000000E8 00000000        DCD              FTM0_IRQHandler ;FlexTimer modu
                                                            le 0 fault, overflo
                                                            w and channels inte
                                                            rrupt
  116 000000EC 00000000        DCD              FTM1_IRQHandler ;FlexTimer modu
                                                            le 1 fault, overflo
                                                            w and channels inte
                                                            rrupt
  117 000000F0 00000000        DCD              UART3_RX_TX_IRQHandler ;UART3 r
                                                            eceive/transmit int
                                                            errupt
  118 000000F4 00000000        DCD              UART3_ERR_IRQHandler ;UART3 err
                                                            or interrupt
  119 000000F8 00000000        DCD              UART4_RX_TX_IRQHandler ;UART4 r
                                                            eceive/transmit int
                                                            errupt



ARM Macro Assembler    Page 5 


  120 000000FC 00000000        DCD              UART4_ERR_IRQHandler ;UART4 err
                                                            or interrupt
  121 00000100 00000000        DCD              PIT0_IRQHandler ;Periodic inter
                                                            rupt timer channel 
                                                            0
  122 00000104 00000000        DCD              PIT1_IRQHandler ;Periodic inter
                                                            rupt timer channel 
                                                            1
  123 00000108 00000000        DCD              PIT2_IRQHandler ;Periodic inter
                                                            rupt timer channel 
                                                            2
  124 0000010C 00000000        DCD              PIT3_IRQHandler ;Periodic inter
                                                            rupt timer channel 
                                                            3
  125 00000110 00000000        DCD              PDB0_IRQHandler ;Programmable d
                                                            elay block 0
  126 00000114 00000000        DCD              FTM2_IRQHandler ;FlexTimer modu
                                                            le 2 fault, overflo
                                                            w and channels inte
                                                            rrupt
  127 00000118 00000000        DCD              XBARA_IRQHandler ;Inter-periphe
                                                            ral crossbar switch
                                                             A
  128 0000011C 00000000        DCD              PDB1_IRQHandler ;Programmable d
                                                            elay block 1
  129 00000120 00000000        DCD              DAC0_IRQHandler ;Digital-to-ana
                                                            log converter 0
  130 00000124 00000000        DCD              MCG_IRQHandler ;Multipurpose cl
                                                            ock generator
  131 00000128 00000000        DCD              LPTMR0_IRQHandler ;Low power ti
                                                            mer interrupt
  132 0000012C 00000000        DCD              PORTA_IRQHandler 
                                                            ;Port A interrupt
  133 00000130 00000000        DCD              PORTB_IRQHandler 
                                                            ;Port B interrupt
  134 00000134 00000000        DCD              PORTC_IRQHandler 
                                                            ;Port C interrupt
  135 00000138 00000000        DCD              PORTD_IRQHandler 
                                                            ;Port D interrupt
  136 0000013C 00000000        DCD              PORTE_IRQHandler 
                                                            ;Port E interrupt
  137 00000140 00000000        DCD              SWI_IRQHandler 
                                                            ;Software interrupt
                                                            
  138 00000144 00000000        DCD              SPI2_IRQHandler ;Serial periphe
                                                            ral Interface 2
  139 00000148 00000000        DCD              ENC_COMPARE_IRQHandler 
                                                            ;ENC Compare
  140 0000014C 00000000        DCD              ENC_HOME_IRQHandler ;ENC Home
  141 00000150 00000000        DCD              ENC_WDOG_SAB_IRQHandler 
                                                            ;ENC Wdog/SAB
  142 00000154 00000000        DCD              ENC_INDEX_IRQHandler ;ENC Index
                                                            /Roll over/Roll Und
                                                            er
  143 00000158 00000000        DCD              CMP2_IRQHandler ;Comparator 2
  144 0000015C 00000000        DCD              FTM3_IRQHandler ;FlexTimer modu
                                                            le 3 fault, overflo
                                                            w and channels
  145 00000160 00000000        DCD              Reserved88_IRQHandler 



ARM Macro Assembler    Page 6 


                                                            ;Reserved interrupt
                                                            
  146 00000164 00000000        DCD              HSADC0_CCB_IRQHandler ;High spe
                                                            ed analog-to-digita
                                                            l converter 0 submo
                                                            dule B scan complet
                                                            e
  147 00000168 00000000        DCD              HSADC1_CCA_IRQHandler ;High spe
                                                            ed analog-to-digita
                                                            l converter 1 submo
                                                            dule A scan complet
                                                            e
  148 0000016C 00000000        DCD              CAN0_ORed_Message_buffer_IRQHan
dler 
                                                            ;Flex controller ar
                                                            ea network 0 messag
                                                            e buffer
  149 00000170 00000000        DCD              CAN0_Bus_Off_IRQHandler ;Flex c
                                                            ontroller area netw
                                                            ork 0 bus off
  150 00000174 00000000        DCD              CAN0_Error_IRQHandler ;Flex con
                                                            troller area networ
                                                            k 0 error
  151 00000178 00000000        DCD              CAN0_Tx_Warning_IRQHandler ;Fle
                                                            x controller area n
                                                            etwork 0 transmit
  152 0000017C 00000000        DCD              CAN0_Rx_Warning_IRQHandler ;Fle
                                                            x controller area n
                                                            etwork 0 receive
  153 00000180 00000000        DCD              CAN0_Wake_Up_IRQHandler ;Flex c
                                                            ontroller area netw
                                                            ork 0 wake up
  154 00000184 00000000        DCD              PWM0_CMP0_IRQHandler ;Pulse wid
                                                            th modulator 0 chan
                                                            nel 0 compare
  155 00000188 00000000        DCD              PWM0_RELOAD0_IRQHandler ;Pulse 
                                                            width modulator 0 c
                                                            hannel 0 reload
  156 0000018C 00000000        DCD              PWM0_CMP1_IRQHandler ;Pulse wid
                                                            th modulator 0 chan
                                                            nel 1 compare
  157 00000190 00000000        DCD              PWM0_RELOAD1_IRQHandler ;Pulse 
                                                            width modulator 0 c
                                                            hannel 1 reload
  158 00000194 00000000        DCD              PWM0_CMP2_IRQHandler ;Pulse wid
                                                            th modulator 0 chan
                                                            nel 2 compare
  159 00000198 00000000        DCD              PWM0_RELOAD2_IRQHandler ;Pulse 
                                                            width modulator 0 c
                                                            hannel 2 reload
  160 0000019C 00000000        DCD              PWM0_CMP3_IRQHandler ;Pulse wid
                                                            th modulator 0 chan
                                                            nel 3 compare
  161 000001A0 00000000        DCD              PWM0_RELOAD3_IRQHandler ;Pulse 
                                                            width modulator 0 c
                                                            hannel 3 reload
  162 000001A4 00000000        DCD              PWM0_CAP_IRQHandler ;Pulse widt
                                                            h modulator 0 captu
                                                            re



ARM Macro Assembler    Page 7 


  163 000001A8 00000000        DCD              PWM0_RERR_IRQHandler ;Pulse wid
                                                            th modulator 0 relo
                                                            ad error
  164 000001AC 00000000        DCD              PWM0_FAULT_IRQHandler ;Pulse wi
                                                            dth modulator 0 fau
                                                            lt
  165 000001B0 00000000        DCD              CMP3_IRQHandler ;Comparator 3
  166 000001B4 00000000        DCD              HSADC1_CCB_IRQHandler ;High spe
                                                            ed analog-to-digita
                                                            l converter 1 submo
                                                            dule B scan complet
                                                            e
  167 000001B8 00000000        DCD              CAN1_ORed_Message_buffer_IRQHan
dler 
                                                            ;Flex controller ar
                                                            ea network 1 messag
                                                            e buffer
  168 000001BC 00000000        DCD              CAN1_Bus_Off_IRQHandler ;Flex c
                                                            ontroller area netw
                                                            ork 1 bus off
  169 000001C0 00000000        DCD              CAN1_Error_IRQHandler ;Flex con
                                                            troller area networ
                                                            k 1 error
  170 000001C4 00000000        DCD              CAN1_Tx_Warning_IRQHandler ;Fle
                                                            x controller area n
                                                            etwork 1 transmit
  171 000001C8 00000000        DCD              CAN1_Rx_Warning_IRQHandler ;Fle
                                                            x controller area n
                                                            etwork 1 receive
  172 000001CC 00000000        DCD              CAN1_Wake_Up_IRQHandler ;Flex c
                                                            ontroller area netw
                                                            ork 1 wake up
  173 000001D0 00000000        DCD              ENET_1588_Timer_IRQHandler ;Eth
                                                            ernet MAC IEEE 1588
                                                             timer
  174 000001D4 00000000        DCD              ENET_Transmit_IRQHandler ;Ether
                                                            net MAC transmit
  175 000001D8 00000000        DCD              ENET_Receive_IRQHandler ;Ethern
                                                            et MAC receive
  176 000001DC 00000000        DCD              ENET_Error_IRQHandler ;Ethernet
                                                             MAC error and misc
                                                            elaneous
  177 000001E0 00000000        DCD              PWM1_CMP0_IRQHandler ;Pulse wid
                                                            th modulator 1 chan
                                                            nel 0 compare
  178 000001E4 00000000        DCD              PWM1_RELOAD0_IRQHandler ;Pulse 
                                                            width modulator 1 c
                                                            hannel 0 reload
  179 000001E8 00000000        DCD              PWM1_CMP1_IRQHandler ;Pulse wid
                                                            th modulator 1 chan
                                                            nel 1 compare
  180 000001EC 00000000        DCD              PWM1_RELOAD1_IRQHandler ;Pulse 
                                                            width modulator 1 c
                                                            hannel 1 reload
  181 000001F0 00000000        DCD              PWM1_CMP2_IRQHandler ;Pulse wid
                                                            th modulator 1 chan
                                                            nel 2 compare
  182 000001F4 00000000        DCD              PWM1_RELOAD2_IRQHandler ;Pulse 
                                                            width modulator 1 c



ARM Macro Assembler    Page 8 


                                                            hannel 2 reload
  183 000001F8 00000000        DCD              PWM1_CMP3_IRQHandler ;Pulse wid
                                                            th modulator 1 chan
                                                            nel 3 compare
  184 000001FC 00000000        DCD              PWM1_RELOAD3_IRQHandler ;Pulse 
                                                            width modulator 1 c
                                                            hannel 3 reload
  185 00000200 00000000        DCD              PWM1_CAP_IRQHandler ;Pulse widt
                                                            h modulator 1 captu
                                                            re
  186 00000204 00000000        DCD              PWM1_RERR_IRQHandler ;Pulse wid
                                                            th modulator 1 relo
                                                            ad error
  187 00000208 00000000        DCD              PWM1_FAULT_IRQHandler ;Pulse wi
                                                            dth modulator 1 fau
                                                            lt
  188 0000020C 00000000        DCD              CAN2_ORed_Message_buffer_IRQHan
dler 
                                                            ;Flex controller ar
                                                            ea network 2 messag
                                                            e buffer
  189 00000210 00000000        DCD              CAN2_Bus_Off_IRQHandler ;Flex c
                                                            ontroller area netw
                                                            ork 2 bus off
  190 00000214 00000000        DCD              CAN2_Error_IRQHandler ;Flex con
                                                            troller area networ
                                                            k 2 error
  191 00000218 00000000        DCD              CAN2_Tx_Warning_IRQHandler ;Fle
                                                            x controller area n
                                                            etwork 2 transmit
  192 0000021C 00000000        DCD              CAN2_Rx_Warning_IRQHandler ;Fle
                                                            x controller area n
                                                            etwork 2 receive
  193 00000220 00000000        DCD              CAN2_Wake_Up_IRQHandler ;Flex c
                                                            ontroller area netw
                                                            ork 2 wake up
  194 00000224 00000000        DCD              DefaultISR  ;137
  195 00000228 00000000        DCD              DefaultISR  ;138
  196 0000022C 00000000        DCD              DefaultISR  ;139
  197 00000230 00000000        DCD              DefaultISR  ;140
  198 00000234 00000000        DCD              DefaultISR  ;141
  199 00000238 00000000        DCD              DefaultISR  ;142
  200 0000023C 00000000        DCD              DefaultISR  ;143
  201 00000240 00000000        DCD              DefaultISR  ;144
  202 00000244 00000000        DCD              DefaultISR  ;145
  203 00000248 00000000        DCD              DefaultISR  ;146
  204 0000024C 00000000        DCD              DefaultISR  ;147
  205 00000250 00000000        DCD              DefaultISR  ;148
  206 00000254 00000000        DCD              DefaultISR  ;149
  207 00000258 00000000        DCD              DefaultISR  ;150
  208 0000025C 00000000        DCD              DefaultISR  ;151
  209 00000260 00000000        DCD              DefaultISR  ;152
  210 00000264 00000000        DCD              DefaultISR  ;153
  211 00000268 00000000        DCD              DefaultISR  ;154
  212 0000026C 00000000        DCD              DefaultISR  ;155
  213 00000270 00000000        DCD              DefaultISR  ;156
  214 00000274 00000000        DCD              DefaultISR  ;157
  215 00000278 00000000        DCD              DefaultISR  ;158
  216 0000027C 00000000        DCD              DefaultISR  ;159



ARM Macro Assembler    Page 9 


  217 00000280 00000000        DCD              DefaultISR  ;160
  218 00000284 00000000        DCD              DefaultISR  ;161
  219 00000288 00000000        DCD              DefaultISR  ;162
  220 0000028C 00000000        DCD              DefaultISR  ;163
  221 00000290 00000000        DCD              DefaultISR  ;164
  222 00000294 00000000        DCD              DefaultISR  ;165
  223 00000298 00000000        DCD              DefaultISR  ;166
  224 0000029C 00000000        DCD              DefaultISR  ;167
  225 000002A0 00000000        DCD              DefaultISR  ;168
  226 000002A4 00000000        DCD              DefaultISR  ;169
  227 000002A8 00000000        DCD              DefaultISR  ;170
  228 000002AC 00000000        DCD              DefaultISR  ;171
  229 000002B0 00000000        DCD              DefaultISR  ;172
  230 000002B4 00000000        DCD              DefaultISR  ;173
  231 000002B8 00000000        DCD              DefaultISR  ;174
  232 000002BC 00000000        DCD              DefaultISR  ;175
  233 000002C0 00000000        DCD              DefaultISR  ;176
  234 000002C4 00000000        DCD              DefaultISR  ;177
  235 000002C8 00000000        DCD              DefaultISR  ;178
  236 000002CC 00000000        DCD              DefaultISR  ;179
  237 000002D0 00000000        DCD              DefaultISR  ;180
  238 000002D4 00000000        DCD              DefaultISR  ;181
  239 000002D8 00000000        DCD              DefaultISR  ;182
  240 000002DC 00000000        DCD              DefaultISR  ;183
  241 000002E0 00000000        DCD              DefaultISR  ;184
  242 000002E4 00000000        DCD              DefaultISR  ;185
  243 000002E8 00000000        DCD              DefaultISR  ;186
  244 000002EC 00000000        DCD              DefaultISR  ;187
  245 000002F0 00000000        DCD              DefaultISR  ;188
  246 000002F4 00000000        DCD              DefaultISR  ;189
  247 000002F8 00000000        DCD              DefaultISR  ;190
  248 000002FC 00000000        DCD              DefaultISR  ;191
  249 00000300 00000000        DCD              DefaultISR  ;192
  250 00000304 00000000        DCD              DefaultISR  ;193
  251 00000308 00000000        DCD              DefaultISR  ;194
  252 0000030C 00000000        DCD              DefaultISR  ;195
  253 00000310 00000000        DCD              DefaultISR  ;196
  254 00000314 00000000        DCD              DefaultISR  ;197
  255 00000318 00000000        DCD              DefaultISR  ;198
  256 0000031C 00000000        DCD              DefaultISR  ;199
  257 00000320 00000000        DCD              DefaultISR  ;200
  258 00000324 00000000        DCD              DefaultISR  ;201
  259 00000328 00000000        DCD              DefaultISR  ;202
  260 0000032C 00000000        DCD              DefaultISR  ;203
  261 00000330 00000000        DCD              DefaultISR  ;204
  262 00000334 00000000        DCD              DefaultISR  ;205
  263 00000338 00000000        DCD              DefaultISR  ;206
  264 0000033C 00000000        DCD              DefaultISR  ;207
  265 00000340 00000000        DCD              DefaultISR  ;208
  266 00000344 00000000        DCD              DefaultISR  ;209
  267 00000348 00000000        DCD              DefaultISR  ;210
  268 0000034C 00000000        DCD              DefaultISR  ;211
  269 00000350 00000000        DCD              DefaultISR  ;212
  270 00000354 00000000        DCD              DefaultISR  ;213
  271 00000358 00000000        DCD              DefaultISR  ;214
  272 0000035C 00000000        DCD              DefaultISR  ;215
  273 00000360 00000000        DCD              DefaultISR  ;216
  274 00000364 00000000        DCD              DefaultISR  ;217
  275 00000368 00000000        DCD              DefaultISR  ;218



ARM Macro Assembler    Page 10 


  276 0000036C 00000000        DCD              DefaultISR  ;219
  277 00000370 00000000        DCD              DefaultISR  ;220
  278 00000374 00000000        DCD              DefaultISR  ;221
  279 00000378 00000000        DCD              DefaultISR  ;222
  280 0000037C 00000000        DCD              DefaultISR  ;223
  281 00000380 00000000        DCD              DefaultISR  ;224
  282 00000384 00000000        DCD              DefaultISR  ;225
  283 00000388 00000000        DCD              DefaultISR  ;226
  284 0000038C 00000000        DCD              DefaultISR  ;227
  285 00000390 00000000        DCD              DefaultISR  ;228
  286 00000394 00000000        DCD              DefaultISR  ;229
  287 00000398 00000000        DCD              DefaultISR  ;230
  288 0000039C 00000000        DCD              DefaultISR  ;231
  289 000003A0 00000000        DCD              DefaultISR  ;232
  290 000003A4 00000000        DCD              DefaultISR  ;233
  291 000003A8 00000000        DCD              DefaultISR  ;234
  292 000003AC 00000000        DCD              DefaultISR  ;235
  293 000003B0 00000000        DCD              DefaultISR  ;236
  294 000003B4 00000000        DCD              DefaultISR  ;237
  295 000003B8 00000000        DCD              DefaultISR  ;238
  296 000003BC 00000000        DCD              DefaultISR  ;239
  297 000003C0 00000000        DCD              DefaultISR  ;240
  298 000003C4 00000000        DCD              DefaultISR  ;241
  299 000003C8 00000000        DCD              DefaultISR  ;242
  300 000003CC 00000000        DCD              DefaultISR  ;243
  301 000003D0 00000000        DCD              DefaultISR  ;244
  302 000003D4 00000000        DCD              DefaultISR  ;245
  303 000003D8 00000000        DCD              DefaultISR  ;246
  304 000003DC 00000000        DCD              DefaultISR  ;247
  305 000003E0 00000000        DCD              DefaultISR  ;248
  306 000003E4 00000000        DCD              DefaultISR  ;249
  307 000003E8 00000000        DCD              DefaultISR  ;250
  308 000003EC 00000000        DCD              DefaultISR  ;251
  309 000003F0 00000000        DCD              DefaultISR  ;252
  310 000003F4 00000000        DCD              DefaultISR  ;253
  311 000003F8 00000000        DCD              DefaultISR  ;254
  312 000003FC FFFFFFFF        DCD              0xFFFFFFFF  ; Reserved for user
                                                             TRIM value
  313 00000400         __Vectors_End
  314 00000400         
  315 00000400 00000400 
                       __Vectors_Size
                               EQU              __Vectors_End - __Vectors
  316 00000400         
  317 00000400         ; <h> Flash Configuration
  318 00000400         ;   <i> 16-byte flash configuration field that stores de
                       fault protection settings (loaded on reset)
  319 00000400         ;   <i> and security information that allows the MCU to 
                       restrict access to the FTFL module.
  320 00000400         ;   <h> Backdoor Comparison Key
  321 00000400         ;     <o0>  Backdoor Comparison Key 0.  <0x0-0xFF:2>
  322 00000400         ;     <o1>  Backdoor Comparison Key 1.  <0x0-0xFF:2>
  323 00000400         ;     <o2>  Backdoor Comparison Key 2.  <0x0-0xFF:2>
  324 00000400         ;     <o3>  Backdoor Comparison Key 3.  <0x0-0xFF:2>
  325 00000400         ;     <o4>  Backdoor Comparison Key 4.  <0x0-0xFF:2>
  326 00000400         ;     <o5>  Backdoor Comparison Key 5.  <0x0-0xFF:2>
  327 00000400         ;     <o6>  Backdoor Comparison Key 6.  <0x0-0xFF:2>
  328 00000400         ;     <o7>  Backdoor Comparison Key 7.  <0x0-0xFF:2>
  329 00000400 000000FF 



ARM Macro Assembler    Page 11 


                       BackDoorK0
                               EQU              0xFF
  330 00000400 000000FF 
                       BackDoorK1
                               EQU              0xFF
  331 00000400 000000FF 
                       BackDoorK2
                               EQU              0xFF
  332 00000400 000000FF 
                       BackDoorK3
                               EQU              0xFF
  333 00000400 000000FF 
                       BackDoorK4
                               EQU              0xFF
  334 00000400 000000FF 
                       BackDoorK5
                               EQU              0xFF
  335 00000400 000000FF 
                       BackDoorK6
                               EQU              0xFF
  336 00000400 000000FF 
                       BackDoorK7
                               EQU              0xFF
  337 00000400         ;   </h>
  338 00000400         ;   <h> Program flash protection bytes (FPROT)
  339 00000400         ;     <i> Each program flash region can be protected fro
                       m program and erase operation by setting the associated 
                       PROT bit.
  340 00000400         ;     <i> Each bit protects a 1/32 region of the program
                        flash memory.
  341 00000400         ;     <h> FPROT0
  342 00000400         ;       <i> Program Flash Region Protect Register 0
  343 00000400         ;       <i> 1/32 - 8/32 region
  344 00000400         ;       <o.0>   FPROT0.0
  345 00000400         ;       <o.1>   FPROT0.1
  346 00000400         ;       <o.2>   FPROT0.2
  347 00000400         ;       <o.3>   FPROT0.3
  348 00000400         ;       <o.4>   FPROT0.4
  349 00000400         ;       <o.5>   FPROT0.5
  350 00000400         ;       <o.6>   FPROT0.6
  351 00000400         ;       <o.7>   FPROT0.7
  352 00000400 00000000 
                       nFPROT0 EQU              0x00
  353 00000400 000000FF 
                       FPROT0  EQU              nFPROT0:EOR:0xFF
  354 00000400         ;     </h>
  355 00000400         ;     <h> FPROT1
  356 00000400         ;       <i> Program Flash Region Protect Register 1
  357 00000400         ;       <i> 9/32 - 16/32 region
  358 00000400         ;       <o.0>   FPROT1.0
  359 00000400         ;       <o.1>   FPROT1.1
  360 00000400         ;       <o.2>   FPROT1.2
  361 00000400         ;       <o.3>   FPROT1.3
  362 00000400         ;       <o.4>   FPROT1.4
  363 00000400         ;       <o.5>   FPROT1.5
  364 00000400         ;       <o.6>   FPROT1.6
  365 00000400         ;       <o.7>   FPROT1.7
  366 00000400 00000000 
                       nFPROT1 EQU              0x00



ARM Macro Assembler    Page 12 


  367 00000400 000000FF 
                       FPROT1  EQU              nFPROT1:EOR:0xFF
  368 00000400         ;     </h>
  369 00000400         ;     <h> FPROT2
  370 00000400         ;       <i> Program Flash Region Protect Register 2
  371 00000400         ;       <i> 17/32 - 24/32 region
  372 00000400         ;       <o.0>   FPROT2.0
  373 00000400         ;       <o.1>   FPROT2.1
  374 00000400         ;       <o.2>   FPROT2.2
  375 00000400         ;       <o.3>   FPROT2.3
  376 00000400         ;       <o.4>   FPROT2.4
  377 00000400         ;       <o.5>   FPROT2.5
  378 00000400         ;       <o.6>   FPROT2.6
  379 00000400         ;       <o.7>   FPROT2.7
  380 00000400 00000000 
                       nFPROT2 EQU              0x00
  381 00000400 000000FF 
                       FPROT2  EQU              nFPROT2:EOR:0xFF
  382 00000400         ;     </h>
  383 00000400         ;     <h> FPROT3
  384 00000400         ;       <i> Program Flash Region Protect Register 3
  385 00000400         ;       <i> 25/32 - 32/32 region
  386 00000400         ;       <o.0>   FPROT3.0
  387 00000400         ;       <o.1>   FPROT3.1
  388 00000400         ;       <o.2>   FPROT3.2
  389 00000400         ;       <o.3>   FPROT3.3
  390 00000400         ;       <o.4>   FPROT3.4
  391 00000400         ;       <o.5>   FPROT3.5
  392 00000400         ;       <o.6>   FPROT3.6
  393 00000400         ;       <o.7>   FPROT3.7
  394 00000400 00000000 
                       nFPROT3 EQU              0x00
  395 00000400 000000FF 
                       FPROT3  EQU              nFPROT3:EOR:0xFF
  396 00000400         ;     </h>
  397 00000400         ;   </h>
  398 00000400         ;   <h> Flash nonvolatile option byte (FOPT)
  399 00000400         ;     <i> Allows the user to customize the operation of 
                       the MCU at boot time.
  400 00000400         ;     <o.0> LPBOOT
  401 00000400         ;       <0=> Low-power boot
  402 00000400         ;       <1=> Normal boot
  403 00000400         ;     <o.2> NMI_DIS
  404 00000400         ;       <0=> NMI interrupts are always blocked
  405 00000400         ;       <1=> NMI_b pin/interrupts reset default to enabl
                       ed
  406 00000400         ;     <o.5> FAST_INIT
  407 00000400         ;       <0=> Slower initialization
  408 00000400         ;       <1=> Fast Initialization
  409 00000400 000000FF 
                       FOPT    EQU              0xFF
  410 00000400         ;   </h>
  411 00000400         ;   <h> Flash security byte (FSEC)
  412 00000400         ;     <i> WARNING: If SEC field is configured as "MCU se
                       curity status is secure" and MEEN field is configured as
                        "Mass erase is disabled",
  413 00000400         ;     <i> MCU's security status cannot be set back to un
                       secure state since Mass erase via the debugger is blocke
                       d !!!



ARM Macro Assembler    Page 13 


  414 00000400         ;     <o.0..1> SEC
  415 00000400         ;       <2=> MCU security status is unsecure
  416 00000400         ;       <3=> MCU security status is secure
  417 00000400         ;         <i> Flash Security
  418 00000400         ;     <o.2..3> FSLACC
  419 00000400         ;       <2=> Freescale factory access denied
  420 00000400         ;       <3=> Freescale factory access granted
  421 00000400         ;         <i> Freescale Failure Analysis Access Code
  422 00000400         ;     <o.4..5> MEEN
  423 00000400         ;       <2=> Mass erase is disabled
  424 00000400         ;       <3=> Mass erase is enabled
  425 00000400         ;     <o.6..7> KEYEN
  426 00000400         ;       <2=> Backdoor key access enabled
  427 00000400         ;       <3=> Backdoor key access disabled
  428 00000400         ;         <i> Backdoor Key Security Enable
  429 00000400 000000FE 
                       FSEC    EQU              0xFE
  430 00000400         ;   </h>
  431 00000400         ; </h>
  432 00000400                 IF               :LNOT::DEF:RAM_TARGET
  433 00000400                 AREA             FlashConfig, DATA, READONLY
  434 00000000         __FlashConfig
  435 00000000 FF FF FF 
              FF               DCB              BackDoorK0, BackDoorK1, BackDoo
rK2, BackDoorK3
  436 00000004 FF FF FF 
              FF               DCB              BackDoorK4, BackDoorK5, BackDoo
rK6, BackDoorK7
  437 00000008 FF FF FF 
              FF               DCB              FPROT0    , FPROT1    , FPROT2 
   , FPROT3
  438 0000000C FE FF FF 
              FF               DCB              FSEC      , FOPT      , 0xFF   
   , 0xFF
  439 00000010                 ENDIF
  440 00000010         
  441 00000010         
  442 00000010                 AREA             |.text|, CODE, READONLY
  443 00000000         
  444 00000000         ; Reset Handler
  445 00000000         
  446 00000000         Reset_Handler
                               PROC
  447 00000000                 EXPORT           Reset_Handler             [WEAK
]
  448 00000000                 IMPORT           SystemInit
  449 00000000                 IMPORT           __main
  450 00000000         
  451 00000000                 IF               :LNOT::DEF:RAM_TARGET
  452 00000000                 REQUIRE          FlashConfig
  453 00000000                 ENDIF
  454 00000000         
  455 00000000 B672            CPSID            I           ; Mask interrupts
  456 00000002 4841            LDR              R0, =0xE000ED08
  457 00000004 4941            LDR              R1, =__Vectors
  458 00000006 6001            STR              R1, [R0]
  459 00000008 4841            LDR              R0, =SystemInit
  460 0000000A 4780            BLX              R0
  461 0000000C B662            CPSIE            i           ; Unmask interrupts



ARM Macro Assembler    Page 14 


                                                            
  462 0000000E 4841            LDR              R0, =__main
  463 00000010 4700            BX               R0
  464 00000012                 ENDP
  465 00000012         
  466 00000012         
  467 00000012         ; Dummy Exception Handlers (infinite loops which can be 
                       modified)
  469 00000012         NMI_Handler
                               PROC
  470 00000012                 EXPORT           NMI_Handler         [WEAK]
  471 00000012 E7FE            B                .
  472 00000014                 ENDP
  474 00000014         HardFault_Handler
                               PROC
  475 00000014                 EXPORT           HardFault_Handler         [WEAK
]
  476 00000014 E7FE            B                .
  477 00000016                 ENDP
  479 00000016         MemManage_Handler
                               PROC
  480 00000016                 EXPORT           MemManage_Handler         [WEAK
]
  481 00000016 E7FE            B                .
  482 00000018                 ENDP
  484 00000018         BusFault_Handler
                               PROC
  485 00000018                 EXPORT           BusFault_Handler         [WEAK]
  486 00000018 E7FE            B                .
  487 0000001A                 ENDP
  489 0000001A         UsageFault_Handler
                               PROC
  490 0000001A                 EXPORT           UsageFault_Handler         [WEA
K]
  491 0000001A E7FE            B                .
  492 0000001C                 ENDP
  494 0000001C         SVC_Handler
                               PROC
  495 0000001C                 EXPORT           SVC_Handler         [WEAK]
  496 0000001C E7FE            B                .
  497 0000001E                 ENDP
  499 0000001E         DebugMon_Handler
                               PROC
  500 0000001E                 EXPORT           DebugMon_Handler         [WEAK]
  501 0000001E E7FE            B                .
  502 00000020                 ENDP
  504 00000020         PendSV_Handler
                               PROC
  505 00000020                 EXPORT           PendSV_Handler         [WEAK]
  506 00000020 E7FE            B                .
  507 00000022                 ENDP
  509 00000022         SysTick_Handler
                               PROC
  510 00000022                 EXPORT           SysTick_Handler         [WEAK]
  511 00000022 E7FE            B                .
  512 00000024                 ENDP
  514 00000024         DMA0_DMA16_IRQHandler
                               PROC
  515 00000024                 EXPORT           DMA0_DMA16_IRQHandler         [



ARM Macro Assembler    Page 15 


WEAK]
  516 00000024 483C            LDR              R0, =DMA0_DMA16_DriverIRQHandle
r
  517 00000026 4700            BX               R0
  518 00000028                 ENDP
  519 00000028         
  521 00000028         DMA1_DMA17_IRQHandler
                               PROC
  522 00000028                 EXPORT           DMA1_DMA17_IRQHandler         [
WEAK]
  523 00000028 483C            LDR              R0, =DMA1_DMA17_DriverIRQHandle
r
  524 0000002A 4700            BX               R0
  525 0000002C                 ENDP
  526 0000002C         
  528 0000002C         DMA2_DMA18_IRQHandler
                               PROC
  529 0000002C                 EXPORT           DMA2_DMA18_IRQHandler         [
WEAK]
  530 0000002C 483C            LDR              R0, =DMA2_DMA18_DriverIRQHandle
r
  531 0000002E 4700            BX               R0
  532 00000030                 ENDP
  533 00000030         
  535 00000030         DMA3_DMA19_IRQHandler
                               PROC
  536 00000030                 EXPORT           DMA3_DMA19_IRQHandler         [
WEAK]
  537 00000030 483C            LDR              R0, =DMA3_DMA19_DriverIRQHandle
r
  538 00000032 4700            BX               R0
  539 00000034                 ENDP
  540 00000034         
  542 00000034         DMA4_DMA20_IRQHandler
                               PROC
  543 00000034                 EXPORT           DMA4_DMA20_IRQHandler         [
WEAK]
  544 00000034 483C            LDR              R0, =DMA4_DMA20_DriverIRQHandle
r
  545 00000036 4700            BX               R0
  546 00000038                 ENDP
  547 00000038         
  549 00000038         DMA5_DMA21_IRQHandler
                               PROC
  550 00000038                 EXPORT           DMA5_DMA21_IRQHandler         [
WEAK]
  551 00000038 483C            LDR              R0, =DMA5_DMA21_DriverIRQHandle
r
  552 0000003A 4700            BX               R0
  553 0000003C                 ENDP
  554 0000003C         
  556 0000003C         DMA6_DMA22_IRQHandler
                               PROC
  557 0000003C                 EXPORT           DMA6_DMA22_IRQHandler         [
WEAK]
  558 0000003C 483C            LDR              R0, =DMA6_DMA22_DriverIRQHandle
r
  559 0000003E 4700            BX               R0
  560 00000040                 ENDP



ARM Macro Assembler    Page 16 


  561 00000040         
  563 00000040         DMA7_DMA23_IRQHandler
                               PROC
  564 00000040                 EXPORT           DMA7_DMA23_IRQHandler         [
WEAK]
  565 00000040 483C            LDR              R0, =DMA7_DMA23_DriverIRQHandle
r
  566 00000042 4700            BX               R0
  567 00000044                 ENDP
  568 00000044         
  570 00000044         DMA8_DMA24_IRQHandler
                               PROC
  571 00000044                 EXPORT           DMA8_DMA24_IRQHandler         [
WEAK]
  572 00000044 483C            LDR              R0, =DMA8_DMA24_DriverIRQHandle
r
  573 00000046 4700            BX               R0
  574 00000048                 ENDP
  575 00000048         
  577 00000048         DMA9_DMA25_IRQHandler
                               PROC
  578 00000048                 EXPORT           DMA9_DMA25_IRQHandler         [
WEAK]
  579 00000048 483C            LDR              R0, =DMA9_DMA25_DriverIRQHandle
r
  580 0000004A 4700            BX               R0
  581 0000004C                 ENDP
  582 0000004C         
  584 0000004C         DMA10_DMA26_IRQHandler
                               PROC
  585 0000004C                 EXPORT           DMA10_DMA26_IRQHandler         
[WEAK]
  586 0000004C 483C            LDR              R0, =DMA10_DMA26_DriverIRQHandl
er
  587 0000004E 4700            BX               R0
  588 00000050                 ENDP
  589 00000050         
  591 00000050         DMA11_DMA27_IRQHandler
                               PROC
  592 00000050                 EXPORT           DMA11_DMA27_IRQHandler         
[WEAK]
  593 00000050 483C            LDR              R0, =DMA11_DMA27_DriverIRQHandl
er
  594 00000052 4700            BX               R0
  595 00000054                 ENDP
  596 00000054         
  598 00000054         DMA12_DMA28_IRQHandler
                               PROC
  599 00000054                 EXPORT           DMA12_DMA28_IRQHandler         
[WEAK]
  600 00000054 483C            LDR              R0, =DMA12_DMA28_DriverIRQHandl
er
  601 00000056 4700            BX               R0
  602 00000058                 ENDP
  603 00000058         
  605 00000058         DMA13_DMA29_IRQHandler
                               PROC
  606 00000058                 EXPORT           DMA13_DMA29_IRQHandler         
[WEAK]



ARM Macro Assembler    Page 17 


  607 00000058 483C            LDR              R0, =DMA13_DMA29_DriverIRQHandl
er
  608 0000005A 4700            BX               R0
  609 0000005C                 ENDP
  610 0000005C         
  612 0000005C         DMA14_DMA30_IRQHandler
                               PROC
  613 0000005C                 EXPORT           DMA14_DMA30_IRQHandler         
[WEAK]
  614 0000005C 483C            LDR              R0, =DMA14_DMA30_DriverIRQHandl
er
  615 0000005E 4700            BX               R0
  616 00000060                 ENDP
  617 00000060         
  619 00000060         DMA15_DMA31_IRQHandler
                               PROC
  620 00000060                 EXPORT           DMA15_DMA31_IRQHandler         
[WEAK]
  621 00000060 483C            LDR              R0, =DMA15_DMA31_DriverIRQHandl
er
  622 00000062 4700            BX               R0
  623 00000064                 ENDP
  624 00000064         
  626 00000064         DMA_Error_IRQHandler
                               PROC
  627 00000064                 EXPORT           DMA_Error_IRQHandler         [W
EAK]
  628 00000064 483C            LDR              R0, =DMA_Error_DriverIRQHandler
  629 00000066 4700            BX               R0
  630 00000068                 ENDP
  631 00000068         
  633 00000068         I2C0_IRQHandler
                               PROC
  634 00000068                 EXPORT           I2C0_IRQHandler         [WEAK]
  635 00000068 483C            LDR              R0, =I2C0_DriverIRQHandler
  636 0000006A 4700            BX               R0
  637 0000006C                 ENDP
  638 0000006C         
  640 0000006C         I2C1_IRQHandler
                               PROC
  641 0000006C                 EXPORT           I2C1_IRQHandler         [WEAK]
  642 0000006C 483C            LDR              R0, =I2C1_DriverIRQHandler
  643 0000006E 4700            BX               R0
  644 00000070                 ENDP
  645 00000070         
  647 00000070         SPI0_IRQHandler
                               PROC
  648 00000070                 EXPORT           SPI0_IRQHandler         [WEAK]
  649 00000070 483C            LDR              R0, =SPI0_DriverIRQHandler
  650 00000072 4700            BX               R0
  651 00000074                 ENDP
  652 00000074         
  654 00000074         SPI1_IRQHandler
                               PROC
  655 00000074                 EXPORT           SPI1_IRQHandler         [WEAK]
  656 00000074 483C            LDR              R0, =SPI1_DriverIRQHandler
  657 00000076 4700            BX               R0
  658 00000078                 ENDP
  659 00000078         



ARM Macro Assembler    Page 18 


  661 00000078         UART5_RX_TX_IRQHandler
                               PROC
  662 00000078                 EXPORT           UART5_RX_TX_IRQHandler         
[WEAK]
  663 00000078 483C            LDR              R0, =UART5_RX_TX_DriverIRQHandl
er
  664 0000007A 4700            BX               R0
  665 0000007C                 ENDP
  666 0000007C         
  668 0000007C         UART5_ERR_IRQHandler
                               PROC
  669 0000007C                 EXPORT           UART5_ERR_IRQHandler         [W
EAK]
  670 0000007C 483C            LDR              R0, =UART5_ERR_DriverIRQHandler
  671 0000007E 4700            BX               R0
  672 00000080                 ENDP
  673 00000080         
  675 00000080         UART0_RX_TX_IRQHandler
                               PROC
  676 00000080                 EXPORT           UART0_RX_TX_IRQHandler         
[WEAK]
  677 00000080 483C            LDR              R0, =UART0_RX_TX_DriverIRQHandl
er
  678 00000082 4700            BX               R0
  679 00000084                 ENDP
  680 00000084         
  682 00000084         UART0_ERR_IRQHandler
                               PROC
  683 00000084                 EXPORT           UART0_ERR_IRQHandler         [W
EAK]
  684 00000084 483C            LDR              R0, =UART0_ERR_DriverIRQHandler
  685 00000086 4700            BX               R0
  686 00000088                 ENDP
  687 00000088         
  689 00000088         UART1_RX_TX_IRQHandler
                               PROC
  690 00000088                 EXPORT           UART1_RX_TX_IRQHandler         
[WEAK]
  691 00000088 483C            LDR              R0, =UART1_RX_TX_DriverIRQHandl
er
  692 0000008A 4700            BX               R0
  693 0000008C                 ENDP
  694 0000008C         
  696 0000008C         UART1_ERR_IRQHandler
                               PROC
  697 0000008C                 EXPORT           UART1_ERR_IRQHandler         [W
EAK]
  698 0000008C 483C            LDR              R0, =UART1_ERR_DriverIRQHandler
  699 0000008E 4700            BX               R0
  700 00000090                 ENDP
  701 00000090         
  703 00000090         UART2_RX_TX_IRQHandler
                               PROC
  704 00000090                 EXPORT           UART2_RX_TX_IRQHandler         
[WEAK]
  705 00000090 483C            LDR              R0, =UART2_RX_TX_DriverIRQHandl
er
  706 00000092 4700            BX               R0
  707 00000094                 ENDP



ARM Macro Assembler    Page 19 


  708 00000094         
  710 00000094         UART2_ERR_IRQHandler
                               PROC
  711 00000094                 EXPORT           UART2_ERR_IRQHandler         [W
EAK]
  712 00000094 483C            LDR              R0, =UART2_ERR_DriverIRQHandler
  713 00000096 4700            BX               R0
  714 00000098                 ENDP
  715 00000098         
  717 00000098         UART3_RX_TX_IRQHandler
                               PROC
  718 00000098                 EXPORT           UART3_RX_TX_IRQHandler         
[WEAK]
  719 00000098 483C            LDR              R0, =UART3_RX_TX_DriverIRQHandl
er
  720 0000009A 4700            BX               R0
  721 0000009C                 ENDP
  722 0000009C         
  724 0000009C         UART3_ERR_IRQHandler
                               PROC
  725 0000009C                 EXPORT           UART3_ERR_IRQHandler         [W
EAK]
  726 0000009C 483C            LDR              R0, =UART3_ERR_DriverIRQHandler
  727 0000009E 4700            BX               R0
  728 000000A0                 ENDP
  729 000000A0         
  731 000000A0         UART4_RX_TX_IRQHandler
                               PROC
  732 000000A0                 EXPORT           UART4_RX_TX_IRQHandler         
[WEAK]
  733 000000A0 483C            LDR              R0, =UART4_RX_TX_DriverIRQHandl
er
  734 000000A2 4700            BX               R0
  735 000000A4                 ENDP
  736 000000A4         
  738 000000A4         UART4_ERR_IRQHandler
                               PROC
  739 000000A4                 EXPORT           UART4_ERR_IRQHandler         [W
EAK]
  740 000000A4 483C            LDR              R0, =UART4_ERR_DriverIRQHandler
  741 000000A6 4700            BX               R0
  742 000000A8                 ENDP
  743 000000A8         
  745 000000A8         SPI2_IRQHandler
                               PROC
  746 000000A8                 EXPORT           SPI2_IRQHandler         [WEAK]
  747 000000A8 483C            LDR              R0, =SPI2_DriverIRQHandler
  748 000000AA 4700            BX               R0
  749 000000AC                 ENDP
  750 000000AC         
  752 000000AC         CAN0_ORed_Message_buffer_IRQHandler
                               PROC
  753 000000AC                 EXPORT           CAN0_ORed_Message_buffer_IRQHan
dler         [WEAK]
  754 000000AC 483C            LDR              R0, =CAN0_DriverIRQHandler
  755 000000AE 4700            BX               R0
  756 000000B0                 ENDP
  757 000000B0         
  759 000000B0         CAN0_Bus_Off_IRQHandler



ARM Macro Assembler    Page 20 


                               PROC
  760 000000B0                 EXPORT           CAN0_Bus_Off_IRQHandler        
 [WEAK]
  761 000000B0 483B            LDR              R0, =CAN0_DriverIRQHandler
  762 000000B2 4700            BX               R0
  763 000000B4                 ENDP
  764 000000B4         
  766 000000B4         CAN0_Error_IRQHandler
                               PROC
  767 000000B4                 EXPORT           CAN0_Error_IRQHandler         [
WEAK]
  768 000000B4 483A            LDR              R0, =CAN0_DriverIRQHandler
  769 000000B6 4700            BX               R0
  770 000000B8                 ENDP
  771 000000B8         
  773 000000B8         CAN0_Tx_Warning_IRQHandler
                               PROC
  774 000000B8                 EXPORT           CAN0_Tx_Warning_IRQHandler     
    [WEAK]
  775 000000B8 4839            LDR              R0, =CAN0_DriverIRQHandler
  776 000000BA 4700            BX               R0
  777 000000BC                 ENDP
  778 000000BC         
  780 000000BC         CAN0_Rx_Warning_IRQHandler
                               PROC
  781 000000BC                 EXPORT           CAN0_Rx_Warning_IRQHandler     
    [WEAK]
  782 000000BC 4838            LDR              R0, =CAN0_DriverIRQHandler
  783 000000BE 4700            BX               R0
  784 000000C0                 ENDP
  785 000000C0         
  787 000000C0         CAN0_Wake_Up_IRQHandler
                               PROC
  788 000000C0                 EXPORT           CAN0_Wake_Up_IRQHandler        
 [WEAK]
  789 000000C0 4837            LDR              R0, =CAN0_DriverIRQHandler
  790 000000C2 4700            BX               R0
  791 000000C4                 ENDP
  792 000000C4         
  794 000000C4         CAN1_ORed_Message_buffer_IRQHandler
                               PROC
  795 000000C4                 EXPORT           CAN1_ORed_Message_buffer_IRQHan
dler         [WEAK]
  796 000000C4 4837            LDR              R0, =CAN1_DriverIRQHandler
  797 000000C6 4700            BX               R0
  798 000000C8                 ENDP
  799 000000C8         
  801 000000C8         CAN1_Bus_Off_IRQHandler
                               PROC
  802 000000C8                 EXPORT           CAN1_Bus_Off_IRQHandler        
 [WEAK]
  803 000000C8 4836            LDR              R0, =CAN1_DriverIRQHandler
  804 000000CA 4700            BX               R0
  805 000000CC                 ENDP
  806 000000CC         
  808 000000CC         CAN1_Error_IRQHandler
                               PROC
  809 000000CC                 EXPORT           CAN1_Error_IRQHandler         [
WEAK]



ARM Macro Assembler    Page 21 


  810 000000CC 4835            LDR              R0, =CAN1_DriverIRQHandler
  811 000000CE 4700            BX               R0
  812 000000D0                 ENDP
  813 000000D0         
  815 000000D0         CAN1_Tx_Warning_IRQHandler
                               PROC
  816 000000D0                 EXPORT           CAN1_Tx_Warning_IRQHandler     
    [WEAK]
  817 000000D0 4834            LDR              R0, =CAN1_DriverIRQHandler
  818 000000D2 4700            BX               R0
  819 000000D4                 ENDP
  820 000000D4         
  822 000000D4         CAN1_Rx_Warning_IRQHandler
                               PROC
  823 000000D4                 EXPORT           CAN1_Rx_Warning_IRQHandler     
    [WEAK]
  824 000000D4 4833            LDR              R0, =CAN1_DriverIRQHandler
  825 000000D6 4700            BX               R0
  826 000000D8                 ENDP
  827 000000D8         
  829 000000D8         CAN1_Wake_Up_IRQHandler
                               PROC
  830 000000D8                 EXPORT           CAN1_Wake_Up_IRQHandler        
 [WEAK]
  831 000000D8 4832            LDR              R0, =CAN1_DriverIRQHandler
  832 000000DA 4700            BX               R0
  833 000000DC                 ENDP
  834 000000DC         
  836 000000DC         ENET_1588_Timer_IRQHandler
                               PROC
  837 000000DC                 EXPORT           ENET_1588_Timer_IRQHandler     
    [WEAK]
  838 000000DC 4832            LDR              R0, =ENET_1588_Timer_DriverIRQH
andler
  839 000000DE 4700            BX               R0
  840 000000E0                 ENDP
  841 000000E0         
  843 000000E0         ENET_Transmit_IRQHandler
                               PROC
  844 000000E0                 EXPORT           ENET_Transmit_IRQHandler       
  [WEAK]
  845 000000E0 4832            LDR              R0, =ENET_Transmit_DriverIRQHan
dler
  846 000000E2 4700            BX               R0
  847 000000E4                 ENDP
  848 000000E4         
  850 000000E4         ENET_Receive_IRQHandler
                               PROC
  851 000000E4                 EXPORT           ENET_Receive_IRQHandler        
 [WEAK]
  852 000000E4 4832            LDR              R0, =ENET_Receive_DriverIRQHand
ler
  853 000000E6 4700            BX               R0
  854 000000E8                 ENDP
  855 000000E8         
  857 000000E8         ENET_Error_IRQHandler
                               PROC
  858 000000E8                 EXPORT           ENET_Error_IRQHandler         [
WEAK]



ARM Macro Assembler    Page 22 


  859 000000E8 4832            LDR              R0, =ENET_Error_DriverIRQHandle
r
  860 000000EA 4700            BX               R0
  861 000000EC                 ENDP
  862 000000EC         
  864 000000EC         CAN2_ORed_Message_buffer_IRQHandler
                               PROC
  865 000000EC                 EXPORT           CAN2_ORed_Message_buffer_IRQHan
dler         [WEAK]
  866 000000EC 4832            LDR              R0, =CAN2_DriverIRQHandler
  867 000000EE 4700            BX               R0
  868 000000F0                 ENDP
  869 000000F0         
  871 000000F0         CAN2_Bus_Off_IRQHandler
                               PROC
  872 000000F0                 EXPORT           CAN2_Bus_Off_IRQHandler        
 [WEAK]
  873 000000F0 4831            LDR              R0, =CAN2_DriverIRQHandler
  874 000000F2 4700            BX               R0
  875 000000F4                 ENDP
  876 000000F4         
  878 000000F4         CAN2_Error_IRQHandler
                               PROC
  879 000000F4                 EXPORT           CAN2_Error_IRQHandler         [
WEAK]
  880 000000F4 4830            LDR              R0, =CAN2_DriverIRQHandler
  881 000000F6 4700            BX               R0
  882 000000F8                 ENDP
  883 000000F8         
  885 000000F8         CAN2_Tx_Warning_IRQHandler
                               PROC
  886 000000F8                 EXPORT           CAN2_Tx_Warning_IRQHandler     
    [WEAK]
  887 000000F8 482F            LDR              R0, =CAN2_DriverIRQHandler
  888 000000FA 4700            BX               R0
  889 000000FC                 ENDP
  890 000000FC         
  892 000000FC         CAN2_Rx_Warning_IRQHandler
                               PROC
  893 000000FC                 EXPORT           CAN2_Rx_Warning_IRQHandler     
    [WEAK]
  894 000000FC 482E            LDR              R0, =CAN2_DriverIRQHandler
  895 000000FE 4700            BX               R0
  896 00000100                 ENDP
  897 00000100         
  899 00000100         CAN2_Wake_Up_IRQHandler
                               PROC
  900 00000100                 EXPORT           CAN2_Wake_Up_IRQHandler        
 [WEAK]
  901 00000100 482D            LDR              R0, =CAN2_DriverIRQHandler
  902 00000102 4700            BX               R0
  903 00000104                 ENDP
  904 00000104         
  906 00000104         Default_Handler
                               PROC
  907 00000104                 EXPORT           DMA0_DMA16_DriverIRQHandler    
     [WEAK]
  908 00000104                 EXPORT           DMA1_DMA17_DriverIRQHandler    
     [WEAK]



ARM Macro Assembler    Page 23 


  909 00000104                 EXPORT           DMA2_DMA18_DriverIRQHandler    
     [WEAK]
  910 00000104                 EXPORT           DMA3_DMA19_DriverIRQHandler    
     [WEAK]
  911 00000104                 EXPORT           DMA4_DMA20_DriverIRQHandler    
     [WEAK]
  912 00000104                 EXPORT           DMA5_DMA21_DriverIRQHandler    
     [WEAK]
  913 00000104                 EXPORT           DMA6_DMA22_DriverIRQHandler    
     [WEAK]
  914 00000104                 EXPORT           DMA7_DMA23_DriverIRQHandler    
     [WEAK]
  915 00000104                 EXPORT           DMA8_DMA24_DriverIRQHandler    
     [WEAK]
  916 00000104                 EXPORT           DMA9_DMA25_DriverIRQHandler    
     [WEAK]
  917 00000104                 EXPORT           DMA10_DMA26_DriverIRQHandler   
      [WEAK]
  918 00000104                 EXPORT           DMA11_DMA27_DriverIRQHandler   
      [WEAK]
  919 00000104                 EXPORT           DMA12_DMA28_DriverIRQHandler   
      [WEAK]
  920 00000104                 EXPORT           DMA13_DMA29_DriverIRQHandler   
      [WEAK]
  921 00000104                 EXPORT           DMA14_DMA30_DriverIRQHandler   
      [WEAK]
  922 00000104                 EXPORT           DMA15_DMA31_DriverIRQHandler   
      [WEAK]
  923 00000104                 EXPORT           DMA_Error_DriverIRQHandler     
    [WEAK]
  924 00000104                 EXPORT           MCM_IRQHandler         [WEAK]
  925 00000104                 EXPORT           FTFE_IRQHandler         [WEAK]
  926 00000104                 EXPORT           Read_Collision_IRQHandler      
   [WEAK]
  927 00000104                 EXPORT           PMC_IRQHandler         [WEAK]
  928 00000104                 EXPORT           LLWU_IRQHandler         [WEAK]
  929 00000104                 EXPORT           WDOG_EWM_IRQHandler         [WE
AK]
  930 00000104                 EXPORT           TRNG0_IRQHandler         [WEAK]
  931 00000104                 EXPORT           I2C0_DriverIRQHandler         [
WEAK]
  932 00000104                 EXPORT           I2C1_DriverIRQHandler         [
WEAK]
  933 00000104                 EXPORT           SPI0_DriverIRQHandler         [
WEAK]
  934 00000104                 EXPORT           SPI1_DriverIRQHandler         [
WEAK]
  935 00000104                 EXPORT           UART5_RX_TX_DriverIRQHandler   
      [WEAK]
  936 00000104                 EXPORT           UART5_ERR_DriverIRQHandler     
    [WEAK]
  937 00000104                 EXPORT           Reserved46_IRQHandler         [
WEAK]
  938 00000104                 EXPORT           UART0_RX_TX_DriverIRQHandler   
      [WEAK]
  939 00000104                 EXPORT           UART0_ERR_DriverIRQHandler     
    [WEAK]
  940 00000104                 EXPORT           UART1_RX_TX_DriverIRQHandler   
      [WEAK]



ARM Macro Assembler    Page 24 


  941 00000104                 EXPORT           UART1_ERR_DriverIRQHandler     
    [WEAK]
  942 00000104                 EXPORT           UART2_RX_TX_DriverIRQHandler   
      [WEAK]
  943 00000104                 EXPORT           UART2_ERR_DriverIRQHandler     
    [WEAK]
  944 00000104                 EXPORT           ADC0_IRQHandler         [WEAK]
  945 00000104                 EXPORT           HSADC_ERR_IRQHandler         [W
EAK]
  946 00000104                 EXPORT           HSADC0_CCA_IRQHandler         [
WEAK]
  947 00000104                 EXPORT           CMP0_IRQHandler         [WEAK]
  948 00000104                 EXPORT           CMP1_IRQHandler         [WEAK]
  949 00000104                 EXPORT           FTM0_IRQHandler         [WEAK]
  950 00000104                 EXPORT           FTM1_IRQHandler         [WEAK]
  951 00000104                 EXPORT           UART3_RX_TX_DriverIRQHandler   
      [WEAK]
  952 00000104                 EXPORT           UART3_ERR_DriverIRQHandler     
    [WEAK]
  953 00000104                 EXPORT           UART4_RX_TX_DriverIRQHandler   
      [WEAK]
  954 00000104                 EXPORT           UART4_ERR_DriverIRQHandler     
    [WEAK]
  955 00000104                 EXPORT           PIT0_IRQHandler         [WEAK]
  956 00000104                 EXPORT           PIT1_IRQHandler         [WEAK]
  957 00000104                 EXPORT           PIT2_IRQHandler         [WEAK]
  958 00000104                 EXPORT           PIT3_IRQHandler         [WEAK]
  959 00000104                 EXPORT           PDB0_IRQHandler         [WEAK]
  960 00000104                 EXPORT           FTM2_IRQHandler         [WEAK]
  961 00000104                 EXPORT           XBARA_IRQHandler         [WEAK]
  962 00000104                 EXPORT           PDB1_IRQHandler         [WEAK]
  963 00000104                 EXPORT           DAC0_IRQHandler         [WEAK]
  964 00000104                 EXPORT           MCG_IRQHandler         [WEAK]
  965 00000104                 EXPORT           LPTMR0_IRQHandler         [WEAK
]
  966 00000104                 EXPORT           PORTA_IRQHandler         [WEAK]
  967 00000104                 EXPORT           PORTB_IRQHandler         [WEAK]
  968 00000104                 EXPORT           PORTC_IRQHandler         [WEAK]
  969 00000104                 EXPORT           PORTD_IRQHandler         [WEAK]
  970 00000104                 EXPORT           PORTE_IRQHandler         [WEAK]
  971 00000104                 EXPORT           SWI_IRQHandler         [WEAK]
  972 00000104                 EXPORT           SPI2_DriverIRQHandler         [
WEAK]
  973 00000104                 EXPORT           ENC_COMPARE_IRQHandler         
[WEAK]
  974 00000104                 EXPORT           ENC_HOME_IRQHandler         [WE
AK]
  975 00000104                 EXPORT           ENC_WDOG_SAB_IRQHandler        
 [WEAK]
  976 00000104                 EXPORT           ENC_INDEX_IRQHandler         [W
EAK]
  977 00000104                 EXPORT           CMP2_IRQHandler         [WEAK]
  978 00000104                 EXPORT           FTM3_IRQHandler         [WEAK]
  979 00000104                 EXPORT           Reserved88_IRQHandler         [
WEAK]
  980 00000104                 EXPORT           HSADC0_CCB_IRQHandler         [
WEAK]
  981 00000104                 EXPORT           HSADC1_CCA_IRQHandler         [
WEAK]



ARM Macro Assembler    Page 25 


  982 00000104                 EXPORT           CAN0_DriverIRQHandler         [
WEAK]
  983 00000104                 EXPORT           PWM0_CMP0_IRQHandler         [W
EAK]
  984 00000104                 EXPORT           PWM0_RELOAD0_IRQHandler        
 [WEAK]
  985 00000104                 EXPORT           PWM0_CMP1_IRQHandler         [W
EAK]
  986 00000104                 EXPORT           PWM0_RELOAD1_IRQHandler        
 [WEAK]
  987 00000104                 EXPORT           PWM0_CMP2_IRQHandler         [W
EAK]
  988 00000104                 EXPORT           PWM0_RELOAD2_IRQHandler        
 [WEAK]
  989 00000104                 EXPORT           PWM0_CMP3_IRQHandler         [W
EAK]
  990 00000104                 EXPORT           PWM0_RELOAD3_IRQHandler        
 [WEAK]
  991 00000104                 EXPORT           PWM0_CAP_IRQHandler         [WE
AK]
  992 00000104                 EXPORT           PWM0_RERR_IRQHandler         [W
EAK]
  993 00000104                 EXPORT           PWM0_FAULT_IRQHandler         [
WEAK]
  994 00000104                 EXPORT           CMP3_IRQHandler         [WEAK]
  995 00000104                 EXPORT           HSADC1_CCB_IRQHandler         [
WEAK]
  996 00000104                 EXPORT           CAN1_DriverIRQHandler         [
WEAK]
  997 00000104                 EXPORT           ENET_1588_Timer_DriverIRQHandle
r         [WEAK]
  998 00000104                 EXPORT           ENET_Transmit_DriverIRQHandler 
        [WEAK]
  999 00000104                 EXPORT           ENET_Receive_DriverIRQHandler  
       [WEAK]
 1000 00000104                 EXPORT           ENET_Error_DriverIRQHandler    
     [WEAK]
 1001 00000104                 EXPORT           PWM1_CMP0_IRQHandler         [W
EAK]
 1002 00000104                 EXPORT           PWM1_RELOAD0_IRQHandler        
 [WEAK]
 1003 00000104                 EXPORT           PWM1_CMP1_IRQHandler         [W
EAK]
 1004 00000104                 EXPORT           PWM1_RELOAD1_IRQHandler        
 [WEAK]
 1005 00000104                 EXPORT           PWM1_CMP2_IRQHandler         [W
EAK]
 1006 00000104                 EXPORT           PWM1_RELOAD2_IRQHandler        
 [WEAK]
 1007 00000104                 EXPORT           PWM1_CMP3_IRQHandler         [W
EAK]
 1008 00000104                 EXPORT           PWM1_RELOAD3_IRQHandler        
 [WEAK]
 1009 00000104                 EXPORT           PWM1_CAP_IRQHandler         [WE
AK]
 1010 00000104                 EXPORT           PWM1_RERR_IRQHandler         [W
EAK]
 1011 00000104                 EXPORT           PWM1_FAULT_IRQHandler         [
WEAK]



ARM Macro Assembler    Page 26 


 1012 00000104                 EXPORT           CAN2_DriverIRQHandler         [
WEAK]
 1013 00000104                 EXPORT           DefaultISR         [WEAK]
 1014 00000104         DMA0_DMA16_DriverIRQHandler
 1015 00000104         DMA1_DMA17_DriverIRQHandler
 1016 00000104         DMA2_DMA18_DriverIRQHandler
 1017 00000104         DMA3_DMA19_DriverIRQHandler
 1018 00000104         DMA4_DMA20_DriverIRQHandler
 1019 00000104         DMA5_DMA21_DriverIRQHandler
 1020 00000104         DMA6_DMA22_DriverIRQHandler
 1021 00000104         DMA7_DMA23_DriverIRQHandler
 1022 00000104         DMA8_DMA24_DriverIRQHandler
 1023 00000104         DMA9_DMA25_DriverIRQHandler
 1024 00000104         DMA10_DMA26_DriverIRQHandler
 1025 00000104         DMA11_DMA27_DriverIRQHandler
 1026 00000104         DMA12_DMA28_DriverIRQHandler
 1027 00000104         DMA13_DMA29_DriverIRQHandler
 1028 00000104         DMA14_DMA30_DriverIRQHandler
 1029 00000104         DMA15_DMA31_DriverIRQHandler
 1030 00000104         DMA_Error_DriverIRQHandler
 1031 00000104         MCM_IRQHandler
 1032 00000104         FTFE_IRQHandler
 1033 00000104         Read_Collision_IRQHandler
 1034 00000104         PMC_IRQHandler
 1035 00000104         LLWU_IRQHandler
 1036 00000104         WDOG_EWM_IRQHandler
 1037 00000104         TRNG0_IRQHandler
 1038 00000104         I2C0_DriverIRQHandler
 1039 00000104         I2C1_DriverIRQHandler
 1040 00000104         SPI0_DriverIRQHandler
 1041 00000104         SPI1_DriverIRQHandler
 1042 00000104         UART5_RX_TX_DriverIRQHandler
 1043 00000104         UART5_ERR_DriverIRQHandler
 1044 00000104         Reserved46_IRQHandler
 1045 00000104         UART0_RX_TX_DriverIRQHandler
 1046 00000104         UART0_ERR_DriverIRQHandler
 1047 00000104         UART1_RX_TX_DriverIRQHandler
 1048 00000104         UART1_ERR_DriverIRQHandler
 1049 00000104         UART2_RX_TX_DriverIRQHandler
 1050 00000104         UART2_ERR_DriverIRQHandler
 1051 00000104         ADC0_IRQHandler
 1052 00000104         HSADC_ERR_IRQHandler
 1053 00000104         HSADC0_CCA_IRQHandler
 1054 00000104         CMP0_IRQHandler
 1055 00000104         CMP1_IRQHandler
 1056 00000104         FTM0_IRQHandler
 1057 00000104         FTM1_IRQHandler
 1058 00000104         UART3_RX_TX_DriverIRQHandler
 1059 00000104         UART3_ERR_DriverIRQHandler
 1060 00000104         UART4_RX_TX_DriverIRQHandler
 1061 00000104         UART4_ERR_DriverIRQHandler
 1062 00000104         PIT0_IRQHandler
 1063 00000104         PIT1_IRQHandler
 1064 00000104         PIT2_IRQHandler
 1065 00000104         PIT3_IRQHandler
 1066 00000104         PDB0_IRQHandler
 1067 00000104         FTM2_IRQHandler
 1068 00000104         XBARA_IRQHandler
 1069 00000104         PDB1_IRQHandler



ARM Macro Assembler    Page 27 


 1070 00000104         DAC0_IRQHandler
 1071 00000104         MCG_IRQHandler
 1072 00000104         LPTMR0_IRQHandler
 1073 00000104         PORTA_IRQHandler
 1074 00000104         PORTB_IRQHandler
 1075 00000104         PORTC_IRQHandler
 1076 00000104         PORTD_IRQHandler
 1077 00000104         PORTE_IRQHandler
 1078 00000104         SWI_IRQHandler
 1079 00000104         SPI2_DriverIRQHandler
 1080 00000104         ENC_COMPARE_IRQHandler
 1081 00000104         ENC_HOME_IRQHandler
 1082 00000104         ENC_WDOG_SAB_IRQHandler
 1083 00000104         ENC_INDEX_IRQHandler
 1084 00000104         CMP2_IRQHandler
 1085 00000104         FTM3_IRQHandler
 1086 00000104         Reserved88_IRQHandler
 1087 00000104         HSADC0_CCB_IRQHandler
 1088 00000104         HSADC1_CCA_IRQHandler
 1089 00000104         CAN0_DriverIRQHandler
 1090 00000104         PWM0_CMP0_IRQHandler
 1091 00000104         PWM0_RELOAD0_IRQHandler
 1092 00000104         PWM0_CMP1_IRQHandler
 1093 00000104         PWM0_RELOAD1_IRQHandler
 1094 00000104         PWM0_CMP2_IRQHandler
 1095 00000104         PWM0_RELOAD2_IRQHandler
 1096 00000104         PWM0_CMP3_IRQHandler
 1097 00000104         PWM0_RELOAD3_IRQHandler
 1098 00000104         PWM0_CAP_IRQHandler
 1099 00000104         PWM0_RERR_IRQHandler
 1100 00000104         PWM0_FAULT_IRQHandler
 1101 00000104         CMP3_IRQHandler
 1102 00000104         HSADC1_CCB_IRQHandler
 1103 00000104         CAN1_DriverIRQHandler
 1104 00000104         ENET_1588_Timer_DriverIRQHandler
 1105 00000104         ENET_Transmit_DriverIRQHandler
 1106 00000104         ENET_Receive_DriverIRQHandler
 1107 00000104         ENET_Error_DriverIRQHandler
 1108 00000104         PWM1_CMP0_IRQHandler
 1109 00000104         PWM1_RELOAD0_IRQHandler
 1110 00000104         PWM1_CMP1_IRQHandler
 1111 00000104         PWM1_RELOAD1_IRQHandler
 1112 00000104         PWM1_CMP2_IRQHandler
 1113 00000104         PWM1_RELOAD2_IRQHandler
 1114 00000104         PWM1_CMP3_IRQHandler
 1115 00000104         PWM1_RELOAD3_IRQHandler
 1116 00000104         PWM1_CAP_IRQHandler
 1117 00000104         PWM1_RERR_IRQHandler
 1118 00000104         PWM1_FAULT_IRQHandler
 1119 00000104         CAN2_DriverIRQHandler
 1120 00000104         DefaultISR
 1121 00000104 E7FE            B                DefaultISR
 1122 00000106                 ENDP
 1123 00000106 00 00           ALIGN
 1124 00000108         
 1125 00000108         
 1126 00000108                 END
              E000ED08 
              00000000 



ARM Macro Assembler    Page 28 


              00000000 
              00000000 
              00000000 
              00000000 
              00000000 
              00000000 
              00000000 
              00000000 
              00000000 
              00000000 
              00000000 
              00000000 
              00000000 
              00000000 
              00000000 
              00000000 
              00000000 
              00000000 
              00000000 
              00000000 
              00000000 
              00000000 
              00000000 
              00000000 
              00000000 
              00000000 
              00000000 
              00000000 
              00000000 
              00000000 
              00000000 
              00000000 
              00000000 
              00000000 
              00000000 
              00000000 
              00000000 
              00000000 
              00000000 
              00000000 
              00000000 
              00000000 
              00000000 
              00000000 
              00000000 
              00000000 
              00000000 
              00000000 
              00000000 
              00000000 
              00000000 
              00000000 
              00000000 
              00000000 
              00000000 
              00000000 
              00000000 
              00000000 
Command Line: --debug --diag_suppress=9931 --cpu=Cortex-M7.fp.sp --apcs=interwo



ARM Macro Assembler    Page 29 


rk --depend=..\obj\startup_mkv58f24.d -o..\obj\startup_mkv58f24.o -I.\RTE\_Temp
late -IC:\Keil_v5\ARM\PACK\Keil\Kinetis_KVxx_DFP\1.6.0\Device\Include -IC:\Keil
_v5\ARM\CMSIS\Include --predefine="__MICROLIB SETA 1" --predefine="__UVISION_VE
RSION SETA 524" --predefine="MKV58F1M0xxx24 SETA 1" --predefine="DEBUG SETA 1" 
--list=.\listings\startup_mkv58f24.lst ..\SRC\STARTUP\Device\startup_MKV58F24.s
